<?xml version="1.0" encoding="UTF-8"?>
<testsuite xmlns:xsi="http://www.w3.org/2001/XMLSchema-instance" xsi:noNamespaceSchemaLocation="https://maven.apache.org/surefire/maven-surefire-plugin/xsd/surefire-test-report-3.0.xsd" version="3.0" name="TestSuite" time="19.983" tests="1" errors="0" skipped="0" failures="0">
  <properties>
[...]
</properties>
  <testcase name="runScenario[&quot;Login by Admin&quot;, &quot;Login&quot;](1)" classname="org.example.runner.CucumberTest" time="18.933">
    <system-out><![CDATA[10:14:15.181 [main] DEBUG org.testng.TestNG -- suiteXmlPath: "E:\PlaywrightInit\src\test\resources\xml\testng.xml"

Scenario: Login by Admin                       # src/test/resources/feature/login.feature:5
  Given user opens google page                 # steps.example.google.GoogleSteps.user_opens_google_page()
  When Navigate to the cms page                # steps.example.common.CommonBehavior.navigateToTheCmsPage()
  And Input user admin                         # steps.example.common.CommonBehavior.inputUserAdmin()
  And Input password                           # steps.example.common.CommonBehavior.inputPassword()
    Clicked on element: 'Locator@xpath=//button[normalize-space()='Login']'
  And Click on login button                    # steps.example.common.CommonBehavior.clickOnLoginButton()
    'Locator@xpath=//ul[@id='main-menu']//li//span[text()='Dashboard']//ancestor::a' is displayed
  Then Verify access to Dashboard page success # steps.example.common.CommonBehavior.verifyAccessToDashboardPageSuccess()
10:14:34.509 [main] INFO org.example.hooks.Hooks -- Status test script: PASSED
10:14:34.509 [main] INFO org.example.hooks.Hooks --         Login by Admin is PASSED <3
]]></system-out>
  </testcase>
</testsuite>