<?xml version="1.0" encoding="UTF-8"?>
<testng-results ignored="0" total="1" passed="1" failed="0" skipped="0">
  <reporter-output>
  </reporter-output>
  <suite started-at="2025-12-30T10:14:15 ICT" name="Cucumber Suite" finished-at="2025-12-30T10:14:34 ICT" duration-ms="19454">
    <groups>
      <group name="cucumber">
        <method signature="AbstractTestNGCucumberTests.runScenario(io.cucumber.testng.PickleWrapper,io.cucumber.testng.FeatureWrapper)[pri:0, instance:org.example.runner.CucumberTest@38e79ae3]" name="runScenario" class="io.cucumber.testng.AbstractTestNGCucumberTests"/>
      </group> <!-- cucumber -->
    </groups>
    <test started-at="2025-12-30T10:14:15 ICT" name="BDD Tests" finished-at="2025-12-30T10:14:34 ICT" duration-ms="19454">
      <class name="org.example.runner.CucumberTest">
        <test-method is-config="true" signature="setUpClass(org.testng.ITestContext)[pri:0, instance:org.example.runner.CucumberTest@38e79ae3]" started-at="2025-12-30T10:14:15 ICT" name="setUpClass" finished-at="2025-12-30T10:14:15 ICT" duration-ms="465" status="PASS">
          <params>
            <param index="0">
              <value>
                <![CDATA[org.testng.TestRunner@38499e48]]>
              </value>
            </param>
          </params>
          <reporter-output>
          </reporter-output>
        </test-method> <!-- setUpClass -->
        <test-method signature="runScenario(io.cucumber.testng.PickleWrapper,io.cucumber.testng.FeatureWrapper)[pri:0, instance:org.example.runner.CucumberTest@38e79ae3]" started-at="2025-12-30T10:14:15 ICT" name="runScenario" description="Runs Cucumber Scenarios" data-provider="scenarios" finished-at="2025-12-30T10:14:34 ICT" duration-ms="18933" status="PASS">
          <params>
            <param index="0">
              <value>
                <![CDATA["Login by Admin"]]>
              </value>
            </param>
            <param index="1">
              <value>
                <![CDATA["Login"]]>
              </value>
            </param>
          </params>
          <reporter-output>
          </reporter-output>
        </test-method> <!-- runScenario -->
        <test-method is-config="true" signature="tearDownClass()[pri:0, instance:org.example.runner.CucumberTest@38e79ae3]" started-at="2025-12-30T10:14:34 ICT" name="tearDownClass" finished-at="2025-12-30T10:14:34 ICT" duration-ms="16" status="PASS">
          <reporter-output>
          </reporter-output>
        </test-method> <!-- tearDownClass -->
      </class> <!-- org.example.runner.CucumberTest -->
    </test> <!-- BDD Tests -->
  </suite> <!-- Cucumber Suite -->
</testng-results>
